Start testing: May 07 09:31 +07
----------------------------------------------------------
1/4 Testing: SumBasicTest
1/4 Test: SumBasicTest
Command: "/mnt/c/Users/Veronika/Documents/институт/programming/programming/programming-lab/programming-lab2/build/run_tests" "sum_basic"
Directory: /mnt/c/Users/Veronika/Documents/институт/programming/programming/programming-lab/programming-lab2/build
"SumBasicTest" start time: May 07 09:31 +07
Output:
----------------------------------------------------------
/mnt/c/Users/Veronika/Documents/\xD0\xB8\xD0\xBD\xD1\x81\xD1\x82\xD0\xB8\xD1\x82\xD1\x83\xD1\x82/programming/programming/programming-lab/programming-lab2/tests.c:35:test_sum_basic:PASS

-----------------------
1 Tests 0 Failures 0 Ignored 
OK
<end of output>
Test time =   0.00 sec
----------------------------------------------------------
Test Passed.
"SumBasicTest" end time: May 07 09:31 +07
"SumBasicTest" time elapsed: 00:00:00
----------------------------------------------------------

2/4 Testing: SumNegativeTest
2/4 Test: SumNegativeTest
Command: "/mnt/c/Users/Veronika/Documents/институт/programming/programming/programming-lab/programming-lab2/build/run_tests" "sum_neg"
Directory: /mnt/c/Users/Veronika/Documents/институт/programming/programming/programming-lab/programming-lab2/build
"SumNegativeTest" start time: May 07 09:31 +07
Output:
----------------------------------------------------------
/mnt/c/Users/Veronika/Documents/\xD0\xB8\xD0\xBD\xD1\x81\xD1\x82\xD0\xB8\xD1\x82\xD1\x83\xD1\x82/programming/programming/programming-lab/programming-lab2/tests.c:36:test_sum_negative:PASS

-----------------------
1 Tests 0 Failures 0 Ignored 
OK
<end of output>
Test time =   0.00 sec
----------------------------------------------------------
Test Passed.
"SumNegativeTest" end time: May 07 09:31 +07
"SumNegativeTest" time elapsed: 00:00:00
----------------------------------------------------------

3/4 Testing: DivBasicTest
3/4 Test: DivBasicTest
Command: "/mnt/c/Users/Veronika/Documents/институт/programming/programming/programming-lab/programming-lab2/build/run_tests" "div_basic"
Directory: /mnt/c/Users/Veronika/Documents/институт/programming/programming/programming-lab/programming-lab2/build
"DivBasicTest" start time: May 07 09:31 +07
Output:
----------------------------------------------------------
/mnt/c/Users/Veronika/Documents/\xD0\xB8\xD0\xBD\xD1\x81\xD1\x82\xD0\xB8\xD1\x82\xD1\x83\xD1\x82/programming/programming/programming-lab/programming-lab2/tests.c:37:test_div_basic:PASS

-----------------------
1 Tests 0 Failures 0 Ignored 
OK
<end of output>
Test time =   0.01 sec
----------------------------------------------------------
Test Passed.
"DivBasicTest" end time: May 07 09:31 +07
"DivBasicTest" time elapsed: 00:00:00
----------------------------------------------------------

4/4 Testing: DivZeroTest
4/4 Test: DivZeroTest
Command: "/mnt/c/Users/Veronika/Documents/институт/programming/programming/programming-lab/programming-lab2/build/run_tests" "div_zero"
Directory: /mnt/c/Users/Veronika/Documents/институт/programming/programming/programming-lab/programming-lab2/build
"DivZeroTest" start time: May 07 09:31 +07
Output:
----------------------------------------------------------
/mnt/c/Users/Veronika/Documents/\xD0\xB8\xD0\xBD\xD1\x81\xD1\x82\xD0\xB8\xD1\x82\xD1\x83\xD1\x82/programming/programming/programming-lab/programming-lab2/tests.c:38:test_div_zero:PASS

-----------------------
1 Tests 0 Failures 0 Ignored 
OK
<end of output>
Test time =   0.01 sec
----------------------------------------------------------
Test Passed.
"DivZeroTest" end time: May 07 09:31 +07
"DivZeroTest" time elapsed: 00:00:00
----------------------------------------------------------

End testing: May 07 09:31 +07
